{"/home/linuxeduardo/Área de Trabalho/Dv_/VUE/ThinkFast/src/components/ui/MainMenu.vue": {"path":"/home/linuxeduardo/Área de Trabalho/Dv_/VUE/ThinkFast/src/components/ui/MainMenu.vue","statementMap":{"0":{"start":{"line":11,"column":13},"end":{"line":11,"column":27}},"1":{"start":{"line":12,"column":14},"end":{"line":12,"column":29}}},"fnMap":{},"branchMap":{"0":{"loc":{"start":{"line":60,"column":16},"end":{"line":60,"column":51}},"type":"binary-expr","locations":[{"start":{"line":60,"column":16},"end":{"line":60,"column":29}},{"start":{"line":60,"column":33},"end":{"line":60,"column":51}}]}},"s":{"0":0,"1":0},"f":{},"b":{"0":[0,0]}}
,"/home/linuxeduardo/Área de Trabalho/Dv_/VUE/ThinkFast/src/stores/user.js": {"path":"/home/linuxeduardo/Área de Trabalho/Dv_/VUE/ThinkFast/src/stores/user.js","statementMap":{"0":{"start":{"line":11,"column":2},"end":{"line":11,"column":62}},"1":{"start":{"line":13,"column":28},"end":{"line":212,"column":2}},"2":{"start":{"line":15,"column":15},"end":{"line":15,"column":24}},"3":{"start":{"line":16,"column":27},"end":{"line":16,"column":36}},"4":{"start":{"line":17,"column":18},"end":{"line":17,"column":28}},"5":{"start":{"line":18,"column":16},"end":{"line":18,"column":61}},"6":{"start":{"line":21,"column":21},"end":{"line":21,"column":49}},"7":{"start":{"line":21,"column":36},"end":{"line":21,"column":48}},"8":{"start":{"line":24,"column":38},"end":{"line":30,"column":4}},"9":{"start":{"line":25,"column":4},"end":{"line":29,"column":6}},"10":{"start":{"line":26,"column":6},"end":{"line":28,"column":7}},"11":{"start":{"line":27,"column":8},"end":{"line":27,"column":35}},"12":{"start":{"line":32,"column":32},"end":{"line":38,"column":4}},"13":{"start":{"line":33,"column":4},"end":{"line":37,"column":6}},"14":{"start":{"line":34,"column":6},"end":{"line":36,"column":7}},"15":{"start":{"line":35,"column":8},"end":{"line":35,"column":60}},"16":{"start":{"line":35,"column":42},"end":{"line":35,"column":51}},"17":{"start":{"line":40,"column":37},"end":{"line":50,"column":4}},"18":{"start":{"line":41,"column":4},"end":{"line":49,"column":6}},"19":{"start":{"line":42,"column":6},"end":{"line":48,"column":7}},"20":{"start":{"line":43,"column":20},"end":{"line":43,"column":64}},"21":{"start":{"line":43,"column":47},"end":{"line":43,"column":56}},"22":{"start":{"line":44,"column":20},"end":{"line":44,"column":39}},"23":{"start":{"line":46,"column":8},"end":{"line":47,"column":57}},"24":{"start":{"line":46,"column":36},"end":{"line":46,"column":50}},"25":{"start":{"line":47,"column":13},"end":{"line":47,"column":57}},"26":{"start":{"line":52,"column":24},"end":{"line":65,"column":4}},"27":{"start":{"line":53,"column":4},"end":{"line":64,"column":6}},"28":{"start":{"line":54,"column":6},"end":{"line":63,"column":7}},"29":{"start":{"line":55,"column":18},"end":{"line":55,"column":19}},"30":{"start":{"line":56,"column":20},"end":{"line":56,"column":57}},"31":{"start":{"line":56,"column":47},"end":{"line":56,"column":56}},"32":{"start":{"line":57,"column":8},"end":{"line":61,"column":11}},"33":{"start":{"line":58,"column":10},"end":{"line":60,"column":11}},"34":{"start":{"line":59,"column":12},"end":{"line":59,"column":28}},"35":{"start":{"line":62,"column":8},"end":{"line":62,"column":19}},"36":{"start":{"line":69,"column":4},"end":{"line":69,"column":37}},"37":{"start":{"line":73,"column":4},"end":{"line":73,"column":17}},"38":{"start":{"line":74,"column":4},"end":{"line":74,"column":25}},"39":{"start":{"line":76,"column":4},"end":{"line":96,"column":5}},"40":{"start":{"line":77,"column":23},"end":{"line":77,"column":78}},"41":{"start":{"line":79,"column":6},"end":{"line":79,"column":33}},"42":{"start":{"line":80,"column":26},"end":{"line":80,"column":51}},"43":{"start":{"line":81,"column":18},"end":{"line":81,"column":35}},"44":{"start":{"line":84,"column":20},"end":{"line":84,"column":60}},"45":{"start":{"line":85,"column":6},"end":{"line":85,"column":58}},"46":{"start":{"line":86,"column":6},"end":{"line":86,"column":37}},"47":{"start":{"line":88,"column":23},"end":{"line":88,"column":58}},"48":{"start":{"line":89,"column":6},"end":{"line":93,"column":8}},"49":{"start":{"line":95,"column":6},"end":{"line":95,"column":28}},"50":{"start":{"line":100,"column":4},"end":{"line":100,"column":17}},"51":{"start":{"line":101,"column":4},"end":{"line":101,"column":25}},"52":{"start":{"line":103,"column":4},"end":{"line":111,"column":5}},"53":{"start":{"line":104,"column":6},"end":{"line":108,"column":8}},"54":{"start":{"line":109,"column":6},"end":{"line":109,"column":28}},"55":{"start":{"line":110,"column":6},"end":{"line":110,"column":13}},"56":{"start":{"line":113,"column":4},"end":{"line":143,"column":5}},"57":{"start":{"line":114,"column":23},"end":{"line":118,"column":7}},"58":{"start":{"line":119,"column":18},"end":{"line":119,"column":35}},"59":{"start":{"line":122,"column":6},"end":{"line":122,"column":33}},"60":{"start":{"line":125,"column":6},"end":{"line":128,"column":9}},"61":{"start":{"line":131,"column":20},"end":{"line":131,"column":70}},"62":{"start":{"line":132,"column":6},"end":{"line":132,"column":58}},"63":{"start":{"line":133,"column":6},"end":{"line":133,"column":37}},"64":{"start":{"line":135,"column":23},"end":{"line":135,"column":58}},"65":{"start":{"line":136,"column":6},"end":{"line":140,"column":8}},"66":{"start":{"line":142,"column":6},"end":{"line":142,"column":28}},"67":{"start":{"line":148,"column":4},"end":{"line":148,"column":13}},"68":{"start":{"line":153,"column":4},"end":{"line":154,"column":27}},"69":{"start":{"line":153,"column":15},"end":{"line":153,"column":34}},"70":{"start":{"line":154,"column":9},"end":{"line":154,"column":27}},"71":{"start":{"line":159,"column":4},"end":{"line":159,"column":24}},"72":{"start":{"line":160,"column":4},"end":{"line":160,"column":22}},"73":{"start":{"line":161,"column":4},"end":{"line":161,"column":36}},"74":{"start":{"line":162,"column":4},"end":{"line":162,"column":26}},"75":{"start":{"line":163,"column":4},"end":{"line":163,"column":17}},"76":{"start":{"line":168,"column":4},"end":{"line":168,"column":17}},"77":{"start":{"line":169,"column":4},"end":{"line":169,"column":25}},"78":{"start":{"line":171,"column":4},"end":{"line":182,"column":5}},"79":{"start":{"line":173,"column":25},"end":{"line":173,"column":65}},"80":{"start":{"line":174,"column":6},"end":{"line":174,"column":61}},"81":{"start":{"line":175,"column":6},"end":{"line":175,"column":63}},"82":{"start":{"line":177,"column":6},"end":{"line":177,"column":42}},"83":{"start":{"line":181,"column":6},"end":{"line":181,"column":28}},"84":{"start":{"line":187,"column":4},"end":{"line":187,"column":59}},"85":{"start":{"line":192,"column":2},"end":{"line":211,"column":4}}},"fnMap":{"0":{"name":"(anonymous_0)","decl":{"start":{"line":13,"column":48},"end":{"line":13,"column":49}},"loc":{"start":{"line":13,"column":54},"end":{"line":212,"column":1}}},"1":{"name":"(anonymous_1)","decl":{"start":{"line":21,"column":30},"end":{"line":21,"column":31}},"loc":{"start":{"line":21,"column":36},"end":{"line":21,"column":48}}},"2":{"name":"(anonymous_2)","decl":{"start":{"line":24,"column":47},"end":{"line":24,"column":48}},"loc":{"start":{"line":24,"column":53},"end":{"line":30,"column":3}}},"3":{"name":"(anonymous_3)","decl":{"start":{"line":25,"column":11},"end":{"line":25,"column":12}},"loc":{"start":{"line":25,"column":21},"end":{"line":29,"column":5}}},"4":{"name":"(anonymous_4)","decl":{"start":{"line":32,"column":41},"end":{"line":32,"column":42}},"loc":{"start":{"line":32,"column":47},"end":{"line":38,"column":3}}},"5":{"name":"(anonymous_5)","decl":{"start":{"line":33,"column":11},"end":{"line":33,"column":12}},"loc":{"start":{"line":33,"column":21},"end":{"line":37,"column":5}}},"6":{"name":"(anonymous_6)","decl":{"start":{"line":35,"column":35},"end":{"line":35,"column":36}},"loc":{"start":{"line":35,"column":42},"end":{"line":35,"column":51}}},"7":{"name":"(anonymous_7)","decl":{"start":{"line":40,"column":46},"end":{"line":40,"column":47}},"loc":{"start":{"line":40,"column":52},"end":{"line":50,"column":3}}},"8":{"name":"(anonymous_8)","decl":{"start":{"line":41,"column":11},"end":{"line":41,"column":12}},"loc":{"start":{"line":41,"column":21},"end":{"line":49,"column":5}}},"9":{"name":"(anonymous_9)","decl":{"start":{"line":43,"column":40},"end":{"line":43,"column":41}},"loc":{"start":{"line":43,"column":47},"end":{"line":43,"column":56}}},"10":{"name":"(anonymous_10)","decl":{"start":{"line":52,"column":33},"end":{"line":52,"column":34}},"loc":{"start":{"line":52,"column":39},"end":{"line":65,"column":3}}},"11":{"name":"(anonymous_11)","decl":{"start":{"line":53,"column":11},"end":{"line":53,"column":12}},"loc":{"start":{"line":53,"column":21},"end":{"line":64,"column":5}}},"12":{"name":"(anonymous_12)","decl":{"start":{"line":56,"column":40},"end":{"line":56,"column":41}},"loc":{"start":{"line":56,"column":47},"end":{"line":56,"column":56}}},"13":{"name":"(anonymous_13)","decl":{"start":{"line":57,"column":16},"end":{"line":57,"column":17}},"loc":{"start":{"line":57,"column":23},"end":{"line":61,"column":9}}},"14":{"name":"updateUserLocalStorage","decl":{"start":{"line":68,"column":11},"end":{"line":68,"column":33}},"loc":{"start":{"line":68,"column":43},"end":{"line":70,"column":3}}},"15":{"name":"signInFirebase","decl":{"start":{"line":72,"column":17},"end":{"line":72,"column":31}},"loc":{"start":{"line":72,"column":53},"end":{"line":97,"column":3}}},"16":{"name":"signUpFirebase","decl":{"start":{"line":99,"column":17},"end":{"line":99,"column":31}},"loc":{"start":{"line":99,"column":70},"end":{"line":144,"column":3}}},"17":{"name":"updateUserFirebase","decl":{"start":{"line":147,"column":17},"end":{"line":147,"column":35}},"loc":{"start":{"line":147,"column":70},"end":{"line":149,"column":3}}},"18":{"name":"fetchUserFirebase","decl":{"start":{"line":152,"column":17},"end":{"line":152,"column":34}},"loc":{"start":{"line":152,"column":42},"end":{"line":155,"column":3}}},"19":{"name":"logOutFirebase","decl":{"start":{"line":158,"column":17},"end":{"line":158,"column":31}},"loc":{"start":{"line":158,"column":34},"end":{"line":164,"column":3}}},"20":{"name":"saveUserAnswer","decl":{"start":{"line":167,"column":17},"end":{"line":167,"column":31}},"loc":{"start":{"line":167,"column":63},"end":{"line":183,"column":3}}},"21":{"name":"resetError","decl":{"start":{"line":186,"column":11},"end":{"line":186,"column":21}},"loc":{"start":{"line":186,"column":24},"end":{"line":188,"column":3}}}},"branchMap":{"0":{"loc":{"start":{"line":26,"column":6},"end":{"line":28,"column":7}},"type":"if","locations":[{"start":{"line":26,"column":6},"end":{"line":28,"column":7}}]},"1":{"loc":{"start":{"line":34,"column":6},"end":{"line":36,"column":7}},"type":"if","locations":[{"start":{"line":34,"column":6},"end":{"line":36,"column":7}}]},"2":{"loc":{"start":{"line":42,"column":6},"end":{"line":48,"column":7}},"type":"if","locations":[{"start":{"line":42,"column":6},"end":{"line":48,"column":7}}]},"3":{"loc":{"start":{"line":46,"column":8},"end":{"line":47,"column":57}},"type":"if","locations":[{"start":{"line":46,"column":8},"end":{"line":47,"column":57}},{"start":{"line":47,"column":13},"end":{"line":47,"column":57}}]},"4":{"loc":{"start":{"line":46,"column":12},"end":{"line":46,"column":34}},"type":"binary-expr","locations":[{"start":{"line":46,"column":12},"end":{"line":46,"column":21}},{"start":{"line":46,"column":25},"end":{"line":46,"column":34}}]},"5":{"loc":{"start":{"line":54,"column":6},"end":{"line":63,"column":7}},"type":"if","locations":[{"start":{"line":54,"column":6},"end":{"line":63,"column":7}}]},"6":{"loc":{"start":{"line":58,"column":10},"end":{"line":60,"column":11}},"type":"if","locations":[{"start":{"line":58,"column":10},"end":{"line":60,"column":11}}]},"7":{"loc":{"start":{"line":103,"column":4},"end":{"line":111,"column":5}},"type":"if","locations":[{"start":{"line":103,"column":4},"end":{"line":111,"column":5}}]},"8":{"loc":{"start":{"line":153,"column":4},"end":{"line":154,"column":27}},"type":"if","locations":[{"start":{"line":153,"column":4},"end":{"line":154,"column":27}},{"start":{"line":154,"column":9},"end":{"line":154,"column":27}}]}},"s":{"0":0,"1":0,"2":0,"3":0,"4":0,"5":0,"6":0,"7":0,"8":0,"9":0,"10":0,"11":0,"12":0,"13":0,"14":0,"15":0,"16":0,"17":0,"18":0,"19":0,"20":0,"21":0,"22":0,"23":0,"24":0,"25":0,"26":0,"27":0,"28":0,"29":0,"30":0,"31":0,"32":0,"33":0,"34":0,"35":0,"36":0,"37":0,"38":0,"39":0,"40":0,"41":0,"42":0,"43":0,"44":0,"45":0,"46":0,"47":0,"48":0,"49":0,"50":0,"51":0,"52":0,"53":0,"54":0,"55":0,"56":0,"57":0,"58":0,"59":0,"60":0,"61":0,"62":0,"63":0,"64":0,"65":0,"66":0,"67":0,"68":0,"69":0,"70":0,"71":0,"72":0,"73":0,"74":0,"75":0,"76":0,"77":0,"78":0,"79":0,"80":0,"81":0,"82":0,"83":0,"84":0,"85":0},"f":{"0":0,"1":0,"2":0,"3":0,"4":0,"5":0,"6":0,"7":0,"8":0,"9":0,"10":0,"11":0,"12":0,"13":0,"14":0,"15":0,"16":0,"17":0,"18":0,"19":0,"20":0,"21":0},"b":{"0":[0],"1":[0],"2":[0],"3":[0,0],"4":[0,0],"5":[0],"6":[0],"7":[0],"8":[0,0]}}
}
